Using pre-set license
Built from '2020.3/release' branch; Version is '2020.3.7f1 (dd97f2c94397) revision 14522354'; Using compiler version '192528614'; Build Type 'Release'
OS: 'Windows 10 Home; OS build 19042.1052; Version 2009; 64bit' Language: 'en' Physical Memory: 7961 MB
BatchMode: 1, IsHumanControllingUs: 0, StartBugReporterOnCrash: 0, Is64bit: 1, IsPro: 0

 COMMAND LINE ARGUMENTS:
C:\Program Files\Unity\Hub\Editor\2020.3.7f1\Editor\Unity.exe
-adb2
-batchMode
-noUpm
-name
AssetImportWorker0
-projectPath
C:/Users/LoadGo/OneDrive/Desktop/game/Jumpy Monster
-logFile
Logs/AssetImportWorker0.log
-srvPort
56373
Successfully changed project path to: C:/Users/LoadGo/OneDrive/Desktop/game/Jumpy Monster
C:/Users/LoadGo/OneDrive/Desktop/game/Jumpy Monster
Using Asset Import Pipeline V2.
Refreshing native plugins compatible for Editor in 90.47 ms, found 0 plugins.
Preloading 0 native plugins for Editor in 0.00 ms.
Initialize engine version: 2020.3.7f1 (dd97f2c94397)
[Subsystems] Discovering subsystems at path C:/Program Files/Unity/Hub/Editor/2020.3.7f1/Editor/Data/Resources/UnitySubsystems
[Subsystems] Discovering subsystems at path C:/Users/LoadGo/OneDrive/Desktop/game/Jumpy Monster/Assets
GfxDevice: creating device client; threaded=0
Direct3D:
    Version:  Direct3D 11.0 [level 11.1]
    Renderer: Intel(R) HD Graphics 620 (ID=0x5916)
    Vendor:   
    VRAM:     3980 MB
    Driver:   27.20.100.8681
Initialize mono
Mono path[0] = 'C:/Program Files/Unity/Hub/Editor/2020.3.7f1/Editor/Data/Managed'
Mono path[1] = 'C:/Program Files/Unity/Hub/Editor/2020.3.7f1/Editor/Data/MonoBleedingEdge/lib/mono/unityjit'
Mono config path = 'C:/Program Files/Unity/Hub/Editor/2020.3.7f1/Editor/Data/MonoBleedingEdge/etc'
Using monoOptions --debugger-agent=transport=dt_socket,embedding=1,server=y,suspend=n,address=127.0.0.1:56880
Begin MonoManager ReloadAssembly
Registering precompiled unity dll's ...
Register platform support module: C:/Program Files/Unity/Hub/Editor/2020.3.7f1/Editor/Data/PlaybackEngines/WebGLSupport/UnityEditor.WebGL.Extensions.dll
Register platform support module: C:/Program Files/Unity/Hub/Editor/2020.3.7f1/Editor/Data/PlaybackEngines/WindowsStandaloneSupport/UnityEditor.WindowsStandalone.Extensions.dll
Registered in 0.003639 seconds.
Native extension for WindowsStandalone target not found
Native extension for WebGL target not found
Refreshing native plugins compatible for Editor in 68.03 ms, found 0 plugins.
Preloading 0 native plugins for Editor in 0.00 ms.
Mono: successfully reloaded assembly
- Completed reload, in  4.266 seconds
Platform modules already initialized, skipping
Registering precompiled user dll's ...
Registered in 0.001321 seconds.
Begin MonoManager ReloadAssembly
Native extension for WindowsStandalone target not found
Native extension for WebGL target not found
Refreshing native plugins compatible for Editor in 0.41 ms, found 0 plugins.
Preloading 0 native plugins for Editor in 0.00 ms.
Mono: successfully reloaded assembly
- Completed reload, in  1.758 seconds
Platform modules already initialized, skipping
========================================================================
Worker process is ready to serve import requests
Launched and connected shader compiler UnityShaderCompiler.exe after 0.11 seconds
Refreshing native plugins compatible for Editor in 0.48 ms, found 0 plugins.
Preloading 0 native plugins for Editor in 0.00 ms.
Unloading 1252 Unused Serialized files (Serialized files now loaded: 0)
System memory in use before: 86.0 MB.
System memory in use after: 86.0 MB.

Unloading 10 unused Assets to reduce memory usage. Loaded Objects now: 1714.
Total: 2.460500 ms (FindLiveObjects: 0.192800 ms CreateObjectMapping: 0.052400 ms MarkObjects: 2.088700 ms  DeleteObjects: 0.124600 ms)

========================================================================
Received Import Request.
  path: Assets/Scripts/MoveForward.cs
  artifactKey: Guid(2cc9785450dcdb9479395a174a3a112c) Importer(815301076,1909f56bfc062723c751e8b465ee728b)
Start importing Assets/Scripts/MoveForward.cs using Guid(2cc9785450dcdb9479395a174a3a112c) Importer(815301076,1909f56bfc062723c751e8b465ee728b)  -> (artifact id: '1d1310931d0db4eb0c6b9341af34ce63') in 0.075830 seconds
  Import took 0.089841 seconds .

========================================================================
Received Prepare
Registering precompiled user dll's ...
Registered in 0.002056 seconds.
Begin MonoManager ReloadAssembly
Native extension for WindowsStandalone target not found
Native extension for WebGL target not found
Refreshing native plugins compatible for Editor in 1.13 ms, found 0 plugins.
Preloading 0 native plugins for Editor in 0.00 ms.
Mono: successfully reloaded assembly
- Completed reload, in  3.777 seconds
Platform modules already initialized, skipping
Refreshing native plugins compatible for Editor in 0.39 ms, found 0 plugins.
Preloading 0 native plugins for Editor in 0.00 ms.
Unloading 1209 Unused Serialized files (Serialized files now loaded: 0)
System memory in use before: 82.1 MB.
System memory in use after: 82.2 MB.

Unloading 5 unused Assets to reduce memory usage. Loaded Objects now: 1717.
Total: 5.504800 ms (FindLiveObjects: 0.235300 ms CreateObjectMapping: 0.078300 ms MarkObjects: 5.037200 ms  DeleteObjects: 0.151300 ms)

========================================================================
Received Prepare
Registering precompiled user dll's ...
Registered in 0.003758 seconds.
Begin MonoManager ReloadAssembly
Native extension for WindowsStandalone target not found
Native extension for WebGL target not found
Refreshing native plugins compatible for Editor in 0.40 ms, found 0 plugins.
Preloading 0 native plugins for Editor in 0.00 ms.
Mono: successfully reloaded assembly
- Completed reload, in  2.298 seconds
Platform modules already initialized, skipping
Refreshing native plugins compatible for Editor in 0.41 ms, found 0 plugins.
Preloading 0 native plugins for Editor in 0.00 ms.
Unloading 1209 Unused Serialized files (Serialized files now loaded: 0)
System memory in use before: 82.2 MB.
System memory in use after: 82.2 MB.

Unloading 5 unused Assets to reduce memory usage. Loaded Objects now: 1720.
Total: 8.121600 ms (FindLiveObjects: 0.631400 ms CreateObjectMapping: 0.649100 ms MarkObjects: 6.690600 ms  DeleteObjects: 0.147800 ms)

========================================================================
Received Prepare
Registering precompiled user dll's ...
Registered in 0.001435 seconds.
Begin MonoManager ReloadAssembly
Native extension for WindowsStandalone target not found
Native extension for WebGL target not found
Refreshing native plugins compatible for Editor in 0.68 ms, found 0 plugins.
Preloading 0 native plugins for Editor in 0.00 ms.
Mono: successfully reloaded assembly
- Completed reload, in  2.949 seconds
Platform modules already initialized, skipping
Refreshing native plugins compatible for Editor in 0.64 ms, found 0 plugins.
Preloading 0 native plugins for Editor in 0.00 ms.
Unloading 1209 Unused Serialized files (Serialized files now loaded: 0)
System memory in use before: 82.3 MB.
System memory in use after: 82.4 MB.

Unloading 5 unused Assets to reduce memory usage. Loaded Objects now: 1723.
Total: 5.845100 ms (FindLiveObjects: 0.286900 ms CreateObjectMapping: 0.097800 ms MarkObjects: 5.330000 ms  DeleteObjects: 0.127900 ms)

========================================================================
Received Prepare
Registering precompiled user dll's ...
Registered in 0.004582 seconds.
Begin MonoManager ReloadAssembly
Native extension for WindowsStandalone target not found
Native extension for WebGL target not found
Refreshing native plugins compatible for Editor in 0.72 ms, found 0 plugins.
Preloading 0 native plugins for Editor in 0.00 ms.
Mono: successfully reloaded assembly
- Completed reload, in  2.106 seconds
Platform modules already initialized, skipping
Refreshing native plugins compatible for Editor in 0.63 ms, found 0 plugins.
Preloading 0 native plugins for Editor in 0.00 ms.
Unloading 1209 Unused Serialized files (Serialized files now loaded: 0)
System memory in use before: 82.3 MB.
System memory in use after: 82.4 MB.

Unloading 5 unused Assets to reduce memory usage. Loaded Objects now: 1726.
Total: 3.120400 ms (FindLiveObjects: 0.226500 ms CreateObjectMapping: 0.073300 ms MarkObjects: 2.694200 ms  DeleteObjects: 0.124700 ms)

========================================================================
Received Prepare
Registering precompiled user dll's ...
Registered in 0.001484 seconds.
Begin MonoManager ReloadAssembly
Native extension for WindowsStandalone target not found
Native extension for WebGL target not found
Refreshing native plugins compatible for Editor in 0.65 ms, found 0 plugins.
Preloading 0 native plugins for Editor in 0.00 ms.
Mono: successfully reloaded assembly
- Completed reload, in  3.063 seconds
Platform modules already initialized, skipping
Refreshing native plugins compatible for Editor in 0.68 ms, found 0 plugins.
Preloading 0 native plugins for Editor in 0.00 ms.
Unloading 1209 Unused Serialized files (Serialized files now loaded: 0)
System memory in use before: 82.4 MB.
System memory in use after: 82.4 MB.

Unloading 5 unused Assets to reduce memory usage. Loaded Objects now: 1729.
Total: 4.496100 ms (FindLiveObjects: 0.280000 ms CreateObjectMapping: 0.093400 ms MarkObjects: 3.991000 ms  DeleteObjects: 0.129200 ms)

========================================================================
Received Prepare
Registering precompiled user dll's ...
Registered in 0.009595 seconds.
Begin MonoManager ReloadAssembly
Native extension for WindowsStandalone target not found
Native extension for WebGL target not found
Refreshing native plugins compatible for Editor in 0.67 ms, found 0 plugins.
Preloading 0 native plugins for Editor in 0.00 ms.
Mono: successfully reloaded assembly
- Completed reload, in  4.175 seconds
Platform modules already initialized, skipping
Refreshing native plugins compatible for Editor in 1.15 ms, found 0 plugins.
Preloading 0 native plugins for Editor in 0.00 ms.
Unloading 1209 Unused Serialized files (Serialized files now loaded: 0)
System memory in use before: 82.4 MB.
System memory in use after: 82.4 MB.

Unloading 5 unused Assets to reduce memory usage. Loaded Objects now: 1732.
Total: 10.194800 ms (FindLiveObjects: 1.054500 ms CreateObjectMapping: 0.413500 ms MarkObjects: 8.551700 ms  DeleteObjects: 0.172100 ms)

========================================================================
Received Prepare
Registering precompiled user dll's ...
Registered in 0.002218 seconds.
Begin MonoManager ReloadAssembly
Native extension for WindowsStandalone target not found
Native extension for WebGL target not found
Refreshing native plugins compatible for Editor in 0.69 ms, found 0 plugins.
Preloading 0 native plugins for Editor in 0.00 ms.
Mono: successfully reloaded assembly
- Completed reload, in  1.919 seconds
Platform modules already initialized, skipping
Refreshing native plugins compatible for Editor in 0.82 ms, found 0 plugins.
Preloading 0 native plugins for Editor in 0.00 ms.
Unloading 1209 Unused Serialized files (Serialized files now loaded: 0)
System memory in use before: 82.4 MB.
System memory in use after: 82.4 MB.

Unloading 5 unused Assets to reduce memory usage. Loaded Objects now: 1735.
Total: 6.370900 ms (FindLiveObjects: 0.701800 ms CreateObjectMapping: 0.087000 ms MarkObjects: 5.456700 ms  DeleteObjects: 0.123500 ms)

========================================================================
Received Prepare
Registering precompiled user dll's ...
Registered in 0.002396 seconds.
Begin MonoManager ReloadAssembly
Native extension for WindowsStandalone target not found
Native extension for WebGL target not found
Refreshing native plugins compatible for Editor in 0.90 ms, found 0 plugins.
Preloading 0 native plugins for Editor in 0.00 ms.
Mono: successfully reloaded assembly
- Completed reload, in  3.385 seconds
Platform modules already initialized, skipping
Refreshing native plugins compatible for Editor in 0.64 ms, found 0 plugins.
Preloading 0 native plugins for Editor in 0.00 ms.
Unloading 1209 Unused Serialized files (Serialized files now loaded: 0)
System memory in use before: 82.4 MB.
System memory in use after: 82.4 MB.

Unloading 5 unused Assets to reduce memory usage. Loaded Objects now: 1738.
Total: 16.806800 ms (FindLiveObjects: 0.300200 ms CreateObjectMapping: 0.851000 ms MarkObjects: 15.246000 ms  DeleteObjects: 0.406000 ms)

========================================================================
Received Prepare
Registering precompiled user dll's ...
Registered in 0.001269 seconds.
Begin MonoManager ReloadAssembly
Native extension for WindowsStandalone target not found
Native extension for WebGL target not found
Refreshing native plugins compatible for Editor in 0.43 ms, found 0 plugins.
Preloading 0 native plugins for Editor in 0.00 ms.
Mono: successfully reloaded assembly
- Completed reload, in  1.905 seconds
Platform modules already initialized, skipping
Refreshing native plugins compatible for Editor in 2.54 ms, found 0 plugins.
Preloading 0 native plugins for Editor in 0.00 ms.
Unloading 1209 Unused Serialized files (Serialized files now loaded: 0)
System memory in use before: 82.4 MB.
System memory in use after: 82.5 MB.

Unloading 5 unused Assets to reduce memory usage. Loaded Objects now: 1741.
Total: 5.535500 ms (FindLiveObjects: 0.321400 ms CreateObjectMapping: 0.249600 ms MarkObjects: 4.822400 ms  DeleteObjects: 0.140000 ms)

========================================================================
Received Prepare
Registering precompiled user dll's ...
Registered in 0.002522 seconds.
Begin MonoManager ReloadAssembly
Native extension for WindowsStandalone target not found
Native extension for WebGL target not found
Refreshing native plugins compatible for Editor in 0.79 ms, found 0 plugins.
Preloading 0 native plugins for Editor in 0.00 ms.
Mono: successfully reloaded assembly
- Completed reload, in  2.188 seconds
Platform modules already initialized, skipping
Refreshing native plugins compatible for Editor in 0.71 ms, found 0 plugins.
Preloading 0 native plugins for Editor in 0.00 ms.
Unloading 1209 Unused Serialized files (Serialized files now loaded: 0)
System memory in use before: 82.4 MB.
System memory in use after: 82.5 MB.

Unloading 5 unused Assets to reduce memory usage. Loaded Objects now: 1744.
Total: 3.833300 ms (FindLiveObjects: 0.295600 ms CreateObjectMapping: 0.102100 ms MarkObjects: 3.278300 ms  DeleteObjects: 0.154300 ms)

========================================================================
Received Prepare
Registering precompiled user dll's ...
Registered in 0.004799 seconds.
Begin MonoManager ReloadAssembly
Native extension for WindowsStandalone target not found
Native extension for WebGL target not found
Refreshing native plugins compatible for Editor in 0.40 ms, found 0 plugins.
Preloading 0 native plugins for Editor in 0.00 ms.
Mono: successfully reloaded assembly
- Completed reload, in  2.515 seconds
Platform modules already initialized, skipping
Refreshing native plugins compatible for Editor in 0.41 ms, found 0 plugins.
Preloading 0 native plugins for Editor in 0.00 ms.
Unloading 1209 Unused Serialized files (Serialized files now loaded: 0)
System memory in use before: 82.4 MB.
System memory in use after: 82.5 MB.

Unloading 5 unused Assets to reduce memory usage. Loaded Objects now: 1747.
Total: 3.793600 ms (FindLiveObjects: 0.704800 ms CreateObjectMapping: 0.118000 ms MarkObjects: 2.824300 ms  DeleteObjects: 0.143500 ms)

========================================================================
Received Import Request.
  Time since last request: 87554.064502 seconds.
  path: Assets/Scripts/MoveForward.cs
  artifactKey: Guid(2cc9785450dcdb9479395a174a3a112c) Importer(815301076,1909f56bfc062723c751e8b465ee728b)
Start importing Assets/Scripts/MoveForward.cs using Guid(2cc9785450dcdb9479395a174a3a112c) Importer(815301076,1909f56bfc062723c751e8b465ee728b)  -> (artifact id: 'f0c3a83f0d02b4cd7c09b2a610202509') in 0.868237 seconds
  Import took 1.407495 seconds .

========================================================================
Received Prepare
Registering precompiled user dll's ...
Registered in 0.004874 seconds.
Begin MonoManager ReloadAssembly
Native extension for WindowsStandalone target not found
Native extension for WebGL target not found
Refreshing native plugins compatible for Editor in 0.97 ms, found 0 plugins.
Preloading 0 native plugins for Editor in 0.00 ms.
Mono: successfully reloaded assembly
- Completed reload, in  3.435 seconds
Platform modules already initialized, skipping
Refreshing native plugins compatible for Editor in 0.64 ms, found 0 plugins.
Preloading 0 native plugins for Editor in 0.00 ms.
Unloading 1209 Unused Serialized files (Serialized files now loaded: 0)
System memory in use before: 82.4 MB.
System memory in use after: 82.5 MB.

Unloading 5 unused Assets to reduce memory usage. Loaded Objects now: 1750.
Total: 10.243200 ms (FindLiveObjects: 0.446000 ms CreateObjectMapping: 0.155100 ms MarkObjects: 6.739700 ms  DeleteObjects: 2.898900 ms)

========================================================================
Received Import Request.
  Time since last request: 119.189475 seconds.
  path: Assets/Scripts/MoveForward.cs
  artifactKey: Guid(2cc9785450dcdb9479395a174a3a112c) Importer(815301076,1909f56bfc062723c751e8b465ee728b)
Start importing Assets/Scripts/MoveForward.cs using Guid(2cc9785450dcdb9479395a174a3a112c) Importer(815301076,1909f56bfc062723c751e8b465ee728b)  -> (artifact id: '764622fdb03d00b9092acdfca4d5012f') in 0.042980 seconds
  Import took 0.059677 seconds .

========================================================================
Received Prepare
Registering precompiled user dll's ...
Registered in 0.001784 seconds.
Begin MonoManager ReloadAssembly
Native extension for WindowsStandalone target not found
Native extension for WebGL target not found
Refreshing native plugins compatible for Editor in 0.61 ms, found 0 plugins.
Preloading 0 native plugins for Editor in 0.00 ms.
Mono: successfully reloaded assembly
- Completed reload, in  4.057 seconds
Platform modules already initialized, skipping
Refreshing native plugins compatible for Editor in 0.64 ms, found 0 plugins.
Preloading 0 native plugins for Editor in 0.00 ms.
Unloading 1209 Unused Serialized files (Serialized files now loaded: 0)
System memory in use before: 82.4 MB.
System memory in use after: 82.5 MB.

Unloading 5 unused Assets to reduce memory usage. Loaded Objects now: 1753.
Total: 4.311400 ms (FindLiveObjects: 0.522700 ms CreateObjectMapping: 0.131300 ms MarkObjects: 3.509700 ms  DeleteObjects: 0.143600 ms)

========================================================================
Received Import Request.
  Time since last request: 27.967945 seconds.
  path: Assets/Scripts/MoveForward.cs
  artifactKey: Guid(2cc9785450dcdb9479395a174a3a112c) Importer(815301076,1909f56bfc062723c751e8b465ee728b)
Start importing Assets/Scripts/MoveForward.cs using Guid(2cc9785450dcdb9479395a174a3a112c) Importer(815301076,1909f56bfc062723c751e8b465ee728b)  -> (artifact id: 'b73a20c69275314e6d93f5fe82cc0b51') in 0.044413 seconds
  Import took 0.058795 seconds .

========================================================================
Received Import Request.
  Time since last request: 0.600437 seconds.
  path: Assets/Scripts/MoveForward.cs
  artifactKey: Guid(2cc9785450dcdb9479395a174a3a112c) Importer(815301076,1909f56bfc062723c751e8b465ee728b)
Start importing Assets/Scripts/MoveForward.cs using Guid(2cc9785450dcdb9479395a174a3a112c) Importer(815301076,1909f56bfc062723c751e8b465ee728b)  -> (artifact id: 'b73a20c69275314e6d93f5fe82cc0b51') in 0.049334 seconds
  Import took 0.063649 seconds .

========================================================================
Received Prepare
Registering precompiled user dll's ...
Registered in 0.001950 seconds.
Begin MonoManager ReloadAssembly
Native extension for WindowsStandalone target not found
Native extension for WebGL target not found
Refreshing native plugins compatible for Editor in 0.79 ms, found 0 plugins.
Preloading 0 native plugins for Editor in 0.00 ms.
Mono: successfully reloaded assembly
- Completed reload, in  2.042 seconds
Platform modules already initialized, skipping
Refreshing native plugins compatible for Editor in 0.39 ms, found 0 plugins.
Preloading 0 native plugins for Editor in 0.00 ms.
Unloading 1209 Unused Serialized files (Serialized files now loaded: 0)
System memory in use before: 82.4 MB.
System memory in use after: 82.5 MB.

Unloading 5 unused Assets to reduce memory usage. Loaded Objects now: 1756.
Total: 4.568000 ms (FindLiveObjects: 0.288300 ms CreateObjectMapping: 0.104000 ms MarkObjects: 4.049100 ms  DeleteObjects: 0.124400 ms)

========================================================================
Received Import Request.
  Time since last request: 39.299145 seconds.
  path: Assets/Scripts/MoveForward.cs
  artifactKey: Guid(2cc9785450dcdb9479395a174a3a112c) Importer(815301076,1909f56bfc062723c751e8b465ee728b)
Start importing Assets/Scripts/MoveForward.cs using Guid(2cc9785450dcdb9479395a174a3a112c) Importer(815301076,1909f56bfc062723c751e8b465ee728b)  -> (artifact id: 'acb29f551e4f6a51f7ce5fd788497a19') in 0.018725 seconds
  Import took 0.027844 seconds .

========================================================================
Received Prepare
Registering precompiled user dll's ...
Registered in 0.002023 seconds.
Begin MonoManager ReloadAssembly
Native extension for WindowsStandalone target not found
Native extension for WebGL target not found
Refreshing native plugins compatible for Editor in 0.40 ms, found 0 plugins.
Preloading 0 native plugins for Editor in 0.00 ms.
Mono: successfully reloaded assembly
- Completed reload, in  2.093 seconds
Platform modules already initialized, skipping
Refreshing native plugins compatible for Editor in 0.60 ms, found 0 plugins.
Preloading 0 native plugins for Editor in 0.00 ms.
Unloading 1209 Unused Serialized files (Serialized files now loaded: 0)
System memory in use before: 82.4 MB.
System memory in use after: 82.5 MB.

Unloading 5 unused Assets to reduce memory usage. Loaded Objects now: 1759.
Total: 5.251200 ms (FindLiveObjects: 0.291300 ms CreateObjectMapping: 0.097700 ms MarkObjects: 4.455700 ms  DeleteObjects: 0.404100 ms)

========================================================================
Received Import Request.
  Time since last request: 508.500934 seconds.
  path: Assets/Scripts/MoveForward.cs
  artifactKey: Guid(2cc9785450dcdb9479395a174a3a112c) Importer(815301076,1909f56bfc062723c751e8b465ee728b)
Start importing Assets/Scripts/MoveForward.cs using Guid(2cc9785450dcdb9479395a174a3a112c) Importer(815301076,1909f56bfc062723c751e8b465ee728b)  -> (artifact id: 'ea621a5965967eec2f44eb9a8aeea274') in 0.019079 seconds
  Import took 0.025963 seconds .

========================================================================
Received Import Request.
  Time since last request: 28.475448 seconds.
  path: Assets/Prefabs/Rock_2.prefab
  artifactKey: Guid(7f093b4c3b5132b4fa362fe0812d484a) Importer(815301076,1909f56bfc062723c751e8b465ee728b)
Start importing Assets/Prefabs/Rock_2.prefab using Guid(7f093b4c3b5132b4fa362fe0812d484a) Importer(815301076,1909f56bfc062723c751e8b465ee728b)  -> (artifact id: 'dee5ef020a759e804ed105aa3849c3c9') in 0.320677 seconds
  Import took 0.329063 seconds .

========================================================================
Received Import Request.
  Time since last request: 4.615713 seconds.
  path: Assets/Prefabs/Rock_2.prefab
  artifactKey: Guid(7f093b4c3b5132b4fa362fe0812d484a) Importer(815301076,1909f56bfc062723c751e8b465ee728b)
Start importing Assets/Prefabs/Rock_2.prefab using Guid(7f093b4c3b5132b4fa362fe0812d484a) Importer(815301076,1909f56bfc062723c751e8b465ee728b)  -> (artifact id: '5e8940b4d64dd47eba74894e05543221') in 0.082442 seconds
  Import took 0.097449 seconds .

========================================================================
Received Prepare
Registering precompiled user dll's ...
Registered in 0.009283 seconds.
Begin MonoManager ReloadAssembly
Native extension for WindowsStandalone target not found
Native extension for WebGL target not found
Refreshing native plugins compatible for Editor in 1.78 ms, found 0 plugins.
Preloading 0 native plugins for Editor in 0.00 ms.
Mono: successfully reloaded assembly
- Completed reload, in  5.530 seconds
Platform modules already initialized, skipping
Refreshing native plugins compatible for Editor in 0.86 ms, found 0 plugins.
Preloading 0 native plugins for Editor in 0.00 ms.
Unloading 1209 Unused Serialized files (Serialized files now loaded: 0)
System memory in use before: 85.5 MB.
System memory in use after: 85.6 MB.

Unloading 5 unused Assets to reduce memory usage. Loaded Objects now: 1769.
Total: 10.900100 ms (FindLiveObjects: 0.844200 ms CreateObjectMapping: 0.643900 ms MarkObjects: 9.281000 ms  DeleteObjects: 0.128400 ms)

========================================================================
Received Import Request.
  Time since last request: 16.358186 seconds.
  path: Assets/Prefabs/Rock_2.prefab
  artifactKey: Guid(7f093b4c3b5132b4fa362fe0812d484a) Importer(815301076,1909f56bfc062723c751e8b465ee728b)
Start importing Assets/Prefabs/Rock_2.prefab using Guid(7f093b4c3b5132b4fa362fe0812d484a) Importer(815301076,1909f56bfc062723c751e8b465ee728b)  -> (artifact id: '377c0f534f6e3dd1db340e552539d8ca') in 0.333643 seconds
  Import took 0.357121 seconds .

========================================================================
Received Prepare
Registering precompiled user dll's ...
Registered in 0.001918 seconds.
Begin MonoManager ReloadAssembly
Native extension for WindowsStandalone target not found
Native extension for WebGL target not found
Refreshing native plugins compatible for Editor in 5.90 ms, found 0 plugins.
Preloading 0 native plugins for Editor in 0.00 ms.
Mono: successfully reloaded assembly
- Completed reload, in  6.072 seconds
Platform modules already initialized, skipping
Refreshing native plugins compatible for Editor in 0.68 ms, found 0 plugins.
Preloading 0 native plugins for Editor in 0.00 ms.
Unloading 1209 Unused Serialized files (Serialized files now loaded: 0)
System memory in use before: 85.6 MB.
System memory in use after: 85.6 MB.

Unloading 5 unused Assets to reduce memory usage. Loaded Objects now: 1773.
Total: 2.993000 ms (FindLiveObjects: 0.340300 ms CreateObjectMapping: 0.110000 ms MarkObjects: 2.381000 ms  DeleteObjects: 0.159100 ms)

========================================================================
Received Import Request.
  Time since last request: 19.688530 seconds.
  path: Assets/Prefabs/Rock_2.prefab
  artifactKey: Guid(7f093b4c3b5132b4fa362fe0812d484a) Importer(815301076,1909f56bfc062723c751e8b465ee728b)
Start importing Assets/Prefabs/Rock_2.prefab using Guid(7f093b4c3b5132b4fa362fe0812d484a) Importer(815301076,1909f56bfc062723c751e8b465ee728b)  -> (artifact id: 'c18870c94e0f0aaddcc1678060587290') in 0.140458 seconds
  Import took 0.152414 seconds .

========================================================================
Received Prepare
Registering precompiled user dll's ...
Registered in 0.001837 seconds.
Begin MonoManager ReloadAssembly
Native extension for WindowsStandalone target not found
Native extension for WebGL target not found
Refreshing native plugins compatible for Editor in 1.08 ms, found 0 plugins.
Preloading 0 native plugins for Editor in 0.00 ms.
Mono: successfully reloaded assembly
- Completed reload, in  5.720 seconds
Platform modules already initialized, skipping
Refreshing native plugins compatible for Editor in 0.81 ms, found 0 plugins.
Preloading 0 native plugins for Editor in 0.00 ms.
Unloading 1209 Unused Serialized files (Serialized files now loaded: 0)
System memory in use before: 85.6 MB.
System memory in use after: 85.6 MB.

Unloading 5 unused Assets to reduce memory usage. Loaded Objects now: 1777.
Total: 7.548400 ms (FindLiveObjects: 1.792500 ms CreateObjectMapping: 0.208500 ms MarkObjects: 5.273800 ms  DeleteObjects: 0.270800 ms)

========================================================================
Received Import Request.
  Time since last request: 17.083808 seconds.
  path: Assets/Prefabs/Rock_2.prefab
  artifactKey: Guid(7f093b4c3b5132b4fa362fe0812d484a) Importer(815301076,1909f56bfc062723c751e8b465ee728b)
Start importing Assets/Prefabs/Rock_2.prefab using Guid(7f093b4c3b5132b4fa362fe0812d484a) Importer(815301076,1909f56bfc062723c751e8b465ee728b)  -> (artifact id: '9f73042d46a547fa61762883f5122620') in 0.200259 seconds
  Import took 0.212351 seconds .

========================================================================
Received Prepare
Registering precompiled user dll's ...
Registered in 0.002388 seconds.
Begin MonoManager ReloadAssembly
Native extension for WindowsStandalone target not found
Native extension for WebGL target not found
Refreshing native plugins compatible for Editor in 2.23 ms, found 0 plugins.
Preloading 0 native plugins for Editor in 0.00 ms.
Mono: successfully reloaded assembly
- Completed reload, in  6.220 seconds
Platform modules already initialized, skipping
Refreshing native plugins compatible for Editor in 0.39 ms, found 0 plugins.
Preloading 0 native plugins for Editor in 0.00 ms.
Unloading 1209 Unused Serialized files (Serialized files now loaded: 0)
System memory in use before: 85.6 MB.
System memory in use after: 85.7 MB.

Unloading 5 unused Assets to reduce memory usage. Loaded Objects now: 1781.
Total: 4.536400 ms (FindLiveObjects: 0.303300 ms CreateObjectMapping: 0.106700 ms MarkObjects: 3.967500 ms  DeleteObjects: 0.156200 ms)

========================================================================
Received Import Request.
  Time since last request: 15.854031 seconds.
  path: Assets/Prefabs/Rock_2.prefab
  artifactKey: Guid(7f093b4c3b5132b4fa362fe0812d484a) Importer(815301076,1909f56bfc062723c751e8b465ee728b)
Start importing Assets/Prefabs/Rock_2.prefab using Guid(7f093b4c3b5132b4fa362fe0812d484a) Importer(815301076,1909f56bfc062723c751e8b465ee728b)  -> (artifact id: '630e03b1cbaf6d87b758f7ef05b515b9') in 0.126408 seconds
  Import took 0.140460 seconds .

========================================================================
Received Prepare
Registering precompiled user dll's ...
Registered in 0.004647 seconds.
Begin MonoManager ReloadAssembly
Native extension for WindowsStandalone target not found
Native extension for WebGL target not found
Refreshing native plugins compatible for Editor in 1.32 ms, found 0 plugins.
Preloading 0 native plugins for Editor in 0.00 ms.
Mono: successfully reloaded assembly
- Completed reload, in  5.609 seconds
Platform modules already initialized, skipping
Refreshing native plugins compatible for Editor in 1.10 ms, found 0 plugins.
Preloading 0 native plugins for Editor in 0.00 ms.
Unloading 1209 Unused Serialized files (Serialized files now loaded: 0)
System memory in use before: 85.6 MB.
System memory in use after: 85.7 MB.

Unloading 5 unused Assets to reduce memory usage. Loaded Objects now: 1785.
Total: 10.532800 ms (FindLiveObjects: 0.315100 ms CreateObjectMapping: 0.263100 ms MarkObjects: 9.825400 ms  DeleteObjects: 0.126800 ms)

========================================================================
Received Prepare
Registering precompiled user dll's ...
Registered in 0.002741 seconds.
Begin MonoManager ReloadAssembly
Native extension for WindowsStandalone target not found
Native extension for WebGL target not found
Refreshing native plugins compatible for Editor in 0.41 ms, found 0 plugins.
Preloading 0 native plugins for Editor in 0.00 ms.
Mono: successfully reloaded assembly
- Completed reload, in  5.299 seconds
Platform modules already initialized, skipping
Refreshing native plugins compatible for Editor in 0.54 ms, found 0 plugins.
Preloading 0 native plugins for Editor in 0.00 ms.
Unloading 1209 Unused Serialized files (Serialized files now loaded: 0)
System memory in use before: 85.6 MB.
System memory in use after: 85.7 MB.

Unloading 5 unused Assets to reduce memory usage. Loaded Objects now: 1788.
Total: 2.682300 ms (FindLiveObjects: 0.306500 ms CreateObjectMapping: 0.086300 ms MarkObjects: 2.191400 ms  DeleteObjects: 0.095900 ms)

========================================================================
Received Import Request.
  Time since last request: 153.440051 seconds.
  path: Assets/Prefabs/Rock_2.prefab
  artifactKey: Guid(7f093b4c3b5132b4fa362fe0812d484a) Importer(815301076,1909f56bfc062723c751e8b465ee728b)
Start importing Assets/Prefabs/Rock_2.prefab using Guid(7f093b4c3b5132b4fa362fe0812d484a) Importer(815301076,1909f56bfc062723c751e8b465ee728b)  -> (artifact id: '624891a4f6860c3a9e4f212eed0fa3e0') in 0.131720 seconds
  Import took 0.142253 seconds .

========================================================================
Received Prepare
Registering precompiled user dll's ...
Registered in 0.001312 seconds.
Begin MonoManager ReloadAssembly
Native extension for WindowsStandalone target not found
Native extension for WebGL target not found
Refreshing native plugins compatible for Editor in 0.98 ms, found 0 plugins.
Preloading 0 native plugins for Editor in 0.00 ms.
Mono: successfully reloaded assembly
- Completed reload, in  6.958 seconds
Platform modules already initialized, skipping
Refreshing native plugins compatible for Editor in 1.89 ms, found 0 plugins.
Preloading 0 native plugins for Editor in 0.00 ms.
Unloading 1209 Unused Serialized files (Serialized files now loaded: 0)
System memory in use before: 85.6 MB.
System memory in use after: 85.7 MB.

Unloading 5 unused Assets to reduce memory usage. Loaded Objects now: 1792.
Total: 9.971500 ms (FindLiveObjects: 0.685600 ms CreateObjectMapping: 0.123100 ms MarkObjects: 8.871700 ms  DeleteObjects: 0.284100 ms)

========================================================================
Received Import Request.
  Time since last request: 18.547299 seconds.
  path: Assets/Prefabs/Rock_2.prefab
  artifactKey: Guid(7f093b4c3b5132b4fa362fe0812d484a) Importer(815301076,1909f56bfc062723c751e8b465ee728b)
Start importing Assets/Prefabs/Rock_2.prefab using Guid(7f093b4c3b5132b4fa362fe0812d484a) Importer(815301076,1909f56bfc062723c751e8b465ee728b)  -> (artifact id: 'f6f1db4cd5944371a3dc8c24f20b039e') in 0.434745 seconds
  Import took 0.459285 seconds .

========================================================================
Received Prepare
Registering precompiled user dll's ...
Registered in 0.004684 seconds.
Begin MonoManager ReloadAssembly
Native extension for WindowsStandalone target not found
Native extension for WebGL target not found
Refreshing native plugins compatible for Editor in 0.39 ms, found 0 plugins.
Preloading 0 native plugins for Editor in 0.00 ms.
Mono: successfully reloaded assembly
- Completed reload, in  2.654 seconds
Platform modules already initialized, skipping
Refreshing native plugins compatible for Editor in 0.40 ms, found 0 plugins.
Preloading 0 native plugins for Editor in 0.00 ms.
Unloading 1209 Unused Serialized files (Serialized files now loaded: 0)
System memory in use before: 85.6 MB.
System memory in use after: 85.7 MB.

Unloading 5 unused Assets to reduce memory usage. Loaded Objects now: 1796.
Total: 4.072600 ms (FindLiveObjects: 0.364000 ms CreateObjectMapping: 0.141100 ms MarkObjects: 3.456100 ms  DeleteObjects: 0.109400 ms)

========================================================================
Received Prepare
Registering precompiled user dll's ...
Registered in 0.001962 seconds.
Begin MonoManager ReloadAssembly
Native extension for WindowsStandalone target not found
Native extension for WebGL target not found
Refreshing native plugins compatible for Editor in 0.43 ms, found 0 plugins.
Preloading 0 native plugins for Editor in 0.00 ms.
Mono: successfully reloaded assembly
- Completed reload, in  2.260 seconds
Platform modules already initialized, skipping
Refreshing native plugins compatible for Editor in 0.73 ms, found 0 plugins.
Preloading 0 native plugins for Editor in 0.00 ms.
Unloading 1209 Unused Serialized files (Serialized files now loaded: 0)
System memory in use before: 85.6 MB.
System memory in use after: 85.7 MB.

Unloading 5 unused Assets to reduce memory usage. Loaded Objects now: 1799.
Total: 9.085300 ms (FindLiveObjects: 0.341700 ms CreateObjectMapping: 0.125400 ms MarkObjects: 8.482200 ms  DeleteObjects: 0.133500 ms)

========================================================================
Received Prepare
Registering precompiled user dll's ...
Registered in 0.002399 seconds.
Begin MonoManager ReloadAssembly
Native extension for WindowsStandalone target not found
Native extension for WebGL target not found
Refreshing native plugins compatible for Editor in 6.31 ms, found 0 plugins.
Preloading 0 native plugins for Editor in 0.00 ms.
Mono: successfully reloaded assembly
- Completed reload, in  6.029 seconds
Platform modules already initialized, skipping
Refreshing native plugins compatible for Editor in 0.75 ms, found 0 plugins.
Preloading 0 native plugins for Editor in 0.00 ms.
Unloading 1209 Unused Serialized files (Serialized files now loaded: 0)
System memory in use before: 85.6 MB.
System memory in use after: 85.7 MB.

Unloading 5 unused Assets to reduce memory usage. Loaded Objects now: 1802.
Total: 14.691400 ms (FindLiveObjects: 1.176000 ms CreateObjectMapping: 0.795400 ms MarkObjects: 12.353700 ms  DeleteObjects: 0.362800 ms)

========================================================================
Received Import Request.
  Time since last request: 155.828339 seconds.
  path: Assets/Prefabs/Rock_2.prefab
  artifactKey: Guid(7f093b4c3b5132b4fa362fe0812d484a) Importer(815301076,1909f56bfc062723c751e8b465ee728b)
Start importing Assets/Prefabs/Rock_2.prefab using Guid(7f093b4c3b5132b4fa362fe0812d484a) Importer(815301076,1909f56bfc062723c751e8b465ee728b)  -> (artifact id: 'c52434e3ca0bf8d422d5e116353de4d1') in 0.453271 seconds
  Import took 0.470472 seconds .

========================================================================
Received Prepare
Registering precompiled user dll's ...
Registered in 0.001432 seconds.
Begin MonoManager ReloadAssembly
Native extension for WindowsStandalone target not found
Native extension for WebGL target not found
Refreshing native plugins compatible for Editor in 0.45 ms, found 0 plugins.
Preloading 0 native plugins for Editor in 0.00 ms.
Mono: successfully reloaded assembly
- Completed reload, in  2.614 seconds
Platform modules already initialized, skipping
Refreshing native plugins compatible for Editor in 0.64 ms, found 0 plugins.
Preloading 0 native plugins for Editor in 0.00 ms.
Unloading 1209 Unused Serialized files (Serialized files now loaded: 0)
System memory in use before: 85.7 MB.
System memory in use after: 85.7 MB.

Unloading 5 unused Assets to reduce memory usage. Loaded Objects now: 1806.
Total: 5.674300 ms (FindLiveObjects: 0.319600 ms CreateObjectMapping: 0.139700 ms MarkObjects: 5.108200 ms  DeleteObjects: 0.104600 ms)

========================================================================
Received Import Request.
  Time since last request: 324.022838 seconds.
  path: Assets/Prefabs/CrystalsvBlue.prefab
  artifactKey: Guid(b47a929cdca53b74ea1c8b16c79d4edf) Importer(815301076,1909f56bfc062723c751e8b465ee728b)
Start importing Assets/Prefabs/CrystalsvBlue.prefab using Guid(b47a929cdca53b74ea1c8b16c79d4edf) Importer(815301076,1909f56bfc062723c751e8b465ee728b)  -> (artifact id: '8ae1f84ab0b0487ca96fa5f7da80ddca') in 0.347299 seconds
  Import took 0.360166 seconds .

========================================================================
Received Import Request.
  Time since last request: 6.781435 seconds.
  path: Assets/Prefabs/CrystalsvYellow.prefab
  artifactKey: Guid(685143e619e6c4148a4676818fc3514d) Importer(815301076,1909f56bfc062723c751e8b465ee728b)
Start importing Assets/Prefabs/CrystalsvYellow.prefab using Guid(685143e619e6c4148a4676818fc3514d) Importer(815301076,1909f56bfc062723c751e8b465ee728b)  -> (artifact id: '8a77b62d2f5e466fbf7284bcdafdeeac') in 0.130993 seconds
  Import took 0.148550 seconds .

========================================================================
Received Import Request.
  Time since last request: 12.858961 seconds.
  path: Assets/Prefabs/Ball.prefab
  artifactKey: Guid(a7cc343b714139e4d831d76034e94f2d) Importer(815301076,1909f56bfc062723c751e8b465ee728b)
Start importing Assets/Prefabs/Ball.prefab using Guid(a7cc343b714139e4d831d76034e94f2d) Importer(815301076,1909f56bfc062723c751e8b465ee728b)  -> (artifact id: '96ee6913374a99ba3b0d2d8852425ea3') in 0.086511 seconds
  Import took 0.100076 seconds .

========================================================================
Received Prepare
Registering precompiled user dll's ...
Registered in 0.001779 seconds.
Begin MonoManager ReloadAssembly
Native extension for WindowsStandalone target not found
Native extension for WebGL target not found
Refreshing native plugins compatible for Editor in 0.63 ms, found 0 plugins.
Preloading 0 native plugins for Editor in 0.00 ms.
Mono: successfully reloaded assembly
- Completed reload, in  3.539 seconds
Platform modules already initialized, skipping
Refreshing native plugins compatible for Editor in 0.41 ms, found 0 plugins.
Preloading 0 native plugins for Editor in 0.00 ms.
Unloading 1209 Unused Serialized files (Serialized files now loaded: 0)
System memory in use before: 85.8 MB.
System memory in use after: 85.9 MB.

Unloading 5 unused Assets to reduce memory usage. Loaded Objects now: 1811.
Total: 4.522800 ms (FindLiveObjects: 0.364000 ms CreateObjectMapping: 0.131800 ms MarkObjects: 3.914500 ms  DeleteObjects: 0.109200 ms)

========================================================================
Received Prepare
Registering precompiled user dll's ...
Registered in 0.002959 seconds.
Begin MonoManager ReloadAssembly
Native extension for WindowsStandalone target not found
Native extension for WebGL target not found
Refreshing native plugins compatible for Editor in 0.73 ms, found 0 plugins.
Preloading 0 native plugins for Editor in 0.00 ms.
Mono: successfully reloaded assembly
- Completed reload, in  2.952 seconds
Platform modules already initialized, skipping
Refreshing native plugins compatible for Editor in 0.41 ms, found 0 plugins.
Preloading 0 native plugins for Editor in 0.00 ms.
Unloading 1209 Unused Serialized files (Serialized files now loaded: 0)
System memory in use before: 85.8 MB.
System memory in use after: 85.9 MB.

Unloading 5 unused Assets to reduce memory usage. Loaded Objects now: 1814.
Total: 3.480100 ms (FindLiveObjects: 0.358300 ms CreateObjectMapping: 0.124000 ms MarkObjects: 2.875100 ms  DeleteObjects: 0.120200 ms)

========================================================================
Received Prepare
Registering precompiled user dll's ...
Registered in 0.001337 seconds.
Begin MonoManager ReloadAssembly
Native extension for WindowsStandalone target not found
Native extension for WebGL target not found
Refreshing native plugins compatible for Editor in 0.40 ms, found 0 plugins.
Preloading 0 native plugins for Editor in 0.00 ms.
Mono: successfully reloaded assembly
- Completed reload, in  2.273 seconds
Platform modules already initialized, skipping
Refreshing native plugins compatible for Editor in 0.65 ms, found 0 plugins.
Preloading 0 native plugins for Editor in 0.00 ms.
Unloading 1209 Unused Serialized files (Serialized files now loaded: 0)
System memory in use before: 85.8 MB.
System memory in use after: 85.9 MB.

Unloading 5 unused Assets to reduce memory usage. Loaded Objects now: 1817.
Total: 4.800200 ms (FindLiveObjects: 0.245200 ms CreateObjectMapping: 0.088600 ms MarkObjects: 4.341800 ms  DeleteObjects: 0.122500 ms)

========================================================================
Received Prepare
Registering precompiled user dll's ...
Registered in 0.001985 seconds.
Begin MonoManager ReloadAssembly
Native extension for WindowsStandalone target not found
Native extension for WebGL target not found
Refreshing native plugins compatible for Editor in 3.97 ms, found 0 plugins.
Preloading 0 native plugins for Editor in 0.00 ms.
Mono: successfully reloaded assembly
- Completed reload, in  2.036 seconds
Platform modules already initialized, skipping
Refreshing native plugins compatible for Editor in 0.61 ms, found 0 plugins.
Preloading 0 native plugins for Editor in 0.00 ms.
Unloading 1209 Unused Serialized files (Serialized files now loaded: 0)
System memory in use before: 85.8 MB.
System memory in use after: 85.9 MB.

Unloading 5 unused Assets to reduce memory usage. Loaded Objects now: 1820.
Total: 4.149400 ms (FindLiveObjects: 0.309700 ms CreateObjectMapping: 0.104600 ms MarkObjects: 3.595900 ms  DeleteObjects: 0.137000 ms)

========================================================================
Received Prepare
Registering precompiled user dll's ...
Registered in 0.636356 seconds.
Begin MonoManager ReloadAssembly
Native extension for WindowsStandalone target not found
Native extension for WebGL target not found
Refreshing native plugins compatible for Editor in 0.59 ms, found 0 plugins.
Preloading 0 native plugins for Editor in 0.00 ms.
Mono: successfully reloaded assembly
- Completed reload, in  2.511 seconds
Platform modules already initialized, skipping
Refreshing native plugins compatible for Editor in 0.66 ms, found 0 plugins.
Preloading 0 native plugins for Editor in 0.00 ms.
Unloading 1209 Unused Serialized files (Serialized files now loaded: 0)
System memory in use before: 85.8 MB.
System memory in use after: 85.9 MB.

Unloading 5 unused Assets to reduce memory usage. Loaded Objects now: 1823.
Total: 5.220500 ms (FindLiveObjects: 0.665100 ms CreateObjectMapping: 0.131900 ms MarkObjects: 4.265300 ms  DeleteObjects: 0.150300 ms)

========================================================================
Received Import Request.
  Time since last request: 2003.326202 seconds.
  path: Assets/Prefabs/Rock_2.prefab
  artifactKey: Guid(7f093b4c3b5132b4fa362fe0812d484a) Importer(815301076,1909f56bfc062723c751e8b465ee728b)
Start importing Assets/Prefabs/Rock_2.prefab using Guid(7f093b4c3b5132b4fa362fe0812d484a) Importer(815301076,1909f56bfc062723c751e8b465ee728b)  -> (artifact id: '4ed933d9a4fdca3b207069dd506fe26d') in 0.119540 seconds
  Import took 0.133747 seconds .

========================================================================
Received Prepare
Registering precompiled user dll's ...
Registered in 0.755299 seconds.
Begin MonoManager ReloadAssembly
Native extension for WindowsStandalone target not found
Native extension for WebGL target not found
Refreshing native plugins compatible for Editor in 0.46 ms, found 0 plugins.
Preloading 0 native plugins for Editor in 0.00 ms.
Mono: successfully reloaded assembly
- Completed reload, in 18.113 seconds
Platform modules already initialized, skipping
Refreshing native plugins compatible for Editor in 0.62 ms, found 0 plugins.
Preloading 0 native plugins for Editor in 0.00 ms.
Unloading 1209 Unused Serialized files (Serialized files now loaded: 0)
System memory in use before: 85.8 MB.
System memory in use after: 85.9 MB.

Unloading 5 unused Assets to reduce memory usage. Loaded Objects now: 1827.
Total: 8.523500 ms (FindLiveObjects: 0.355000 ms CreateObjectMapping: 0.119500 ms MarkObjects: 6.892900 ms  DeleteObjects: 1.153300 ms)

AssetImportWorkerClient::OnTransportError - code=2 error=End of file
