Using pre-set license
Built from '2020.3/release' branch; Version is '2020.3.7f1 (dd97f2c94397) revision 14522354'; Using compiler version '192528614'; Build Type 'Release'
OS: 'Windows 10 Home; OS build 19042.1052; Version 2009; 64bit' Language: 'en' Physical Memory: 7961 MB
BatchMode: 1, IsHumanControllingUs: 0, StartBugReporterOnCrash: 0, Is64bit: 1, IsPro: 0

 COMMAND LINE ARGUMENTS:
C:\Program Files\Unity\Hub\Editor\2020.3.7f1\Editor\Unity.exe
-adb2
-batchMode
-noUpm
-name
AssetImportWorker0
-projectPath
C:/Users/LoadGo/OneDrive/Desktop/game/Jumpy Monster
-logFile
Logs/AssetImportWorker0.log
-srvPort
53186
Successfully changed project path to: C:/Users/LoadGo/OneDrive/Desktop/game/Jumpy Monster
C:/Users/LoadGo/OneDrive/Desktop/game/Jumpy Monster
Using Asset Import Pipeline V2.
Refreshing native plugins compatible for Editor in 68.99 ms, found 0 plugins.
Preloading 0 native plugins for Editor in 0.00 ms.
Initialize engine version: 2020.3.7f1 (dd97f2c94397)
[Subsystems] Discovering subsystems at path C:/Program Files/Unity/Hub/Editor/2020.3.7f1/Editor/Data/Resources/UnitySubsystems
[Subsystems] Discovering subsystems at path C:/Users/LoadGo/OneDrive/Desktop/game/Jumpy Monster/Assets
GfxDevice: creating device client; threaded=0
Direct3D:
    Version:  Direct3D 11.0 [level 11.1]
    Renderer: Intel(R) HD Graphics 620 (ID=0x5916)
    Vendor:   
    VRAM:     3980 MB
    Driver:   27.20.100.8681
Initialize mono
Mono path[0] = 'C:/Program Files/Unity/Hub/Editor/2020.3.7f1/Editor/Data/Managed'
Mono path[1] = 'C:/Program Files/Unity/Hub/Editor/2020.3.7f1/Editor/Data/MonoBleedingEdge/lib/mono/unityjit'
Mono config path = 'C:/Program Files/Unity/Hub/Editor/2020.3.7f1/Editor/Data/MonoBleedingEdge/etc'
Using monoOptions --debugger-agent=transport=dt_socket,embedding=1,server=y,suspend=n,address=127.0.0.1:56668
Begin MonoManager ReloadAssembly
Registering precompiled unity dll's ...
Register platform support module: C:/Program Files/Unity/Hub/Editor/2020.3.7f1/Editor/Data/PlaybackEngines/WebGLSupport/UnityEditor.WebGL.Extensions.dll
Register platform support module: C:/Program Files/Unity/Hub/Editor/2020.3.7f1/Editor/Data/PlaybackEngines/WindowsStandaloneSupport/UnityEditor.WindowsStandalone.Extensions.dll
Registered in 0.008624 seconds.
Native extension for WindowsStandalone target not found
Native extension for WebGL target not found
Refreshing native plugins compatible for Editor in 92.87 ms, found 0 plugins.
Preloading 0 native plugins for Editor in 0.00 ms.
Mono: successfully reloaded assembly
- Completed reload, in  3.559 seconds
Platform modules already initialized, skipping
Registering precompiled user dll's ...
Registered in 0.001949 seconds.
Begin MonoManager ReloadAssembly
Native extension for WindowsStandalone target not found
Native extension for WebGL target not found
Refreshing native plugins compatible for Editor in 0.86 ms, found 0 plugins.
Preloading 0 native plugins for Editor in 0.00 ms.
Mono: successfully reloaded assembly
- Completed reload, in  2.744 seconds
Platform modules already initialized, skipping
========================================================================
Worker process is ready to serve import requests
Launched and connected shader compiler UnityShaderCompiler.exe after 0.17 seconds
Refreshing native plugins compatible for Editor in 0.42 ms, found 0 plugins.
Preloading 0 native plugins for Editor in 0.00 ms.
Unloading 1253 Unused Serialized files (Serialized files now loaded: 0)
System memory in use before: 86.4 MB.
System memory in use after: 86.4 MB.

Unloading 10 unused Assets to reduce memory usage. Loaded Objects now: 1716.
Total: 2.646400 ms (FindLiveObjects: 0.335100 ms CreateObjectMapping: 0.067100 ms MarkObjects: 2.112600 ms  DeleteObjects: 0.129800 ms)

========================================================================
Received Import Request.
  path: Assets/3D Game Kit - Character Pack/Characters/Ellen/AnimationClips/@EllenCombo4.fbx
  artifactKey: Guid(6fd1fb8479e6a994f9e4cc7fb79d2ac2) Importer(815301076,1909f56bfc062723c751e8b465ee728b)
Start importing Assets/3D Game Kit - Character Pack/Characters/Ellen/AnimationClips/@EllenCombo4.fbx using Guid(6fd1fb8479e6a994f9e4cc7fb79d2ac2) Importer(815301076,1909f56bfc062723c751e8b465ee728b)  -> (artifact id: 'e32815ef00ea6feb8df3cf2068677df6') in 0.559694 seconds
  Import took 0.570557 seconds .

========================================================================
Received Import Request.
  Time since last request: 0.001117 seconds.
  path: Assets/3D Game Kit - Character Pack/Characters/Ellen/AnimationClips/@EllenCombo1.fbx
  artifactKey: Guid(3aeb280aa07caa148891a47a136fcee4) Importer(815301076,1909f56bfc062723c751e8b465ee728b)
Start importing Assets/3D Game Kit - Character Pack/Characters/Ellen/AnimationClips/@EllenCombo1.fbx using Guid(3aeb280aa07caa148891a47a136fcee4) Importer(815301076,1909f56bfc062723c751e8b465ee728b)  -> (artifact id: 'aab06a4cd804de2474b4869058945c49') in 0.112567 seconds
  Import took 0.124285 seconds .

========================================================================
Received Import Request.
  Time since last request: 0.000590 seconds.
  path: Assets/3D Game Kit - Character Pack
  artifactKey: Guid(5da014f685b86b245990fd64540cc0c5) Importer(815301076,1909f56bfc062723c751e8b465ee728b)
Start importing Assets/3D Game Kit - Character Pack using Guid(5da014f685b86b245990fd64540cc0c5) Importer(815301076,1909f56bfc062723c751e8b465ee728b)  -> (artifact id: '647f6229f6ec30c9fb4330be7b84735e') in 0.029904 seconds
  Import took 0.038694 seconds .

========================================================================
Received Import Request.
  Time since last request: 32.875962 seconds.
  path: Assets/amusedART/StoneMonster/Animations/StoneMonster_Damage.FBX
  artifactKey: Guid(8af2259933ccf2e47b0a9493f3516fc4) Importer(815301076,1909f56bfc062723c751e8b465ee728b)
Start importing Assets/amusedART/StoneMonster/Animations/StoneMonster_Damage.FBX using Guid(8af2259933ccf2e47b0a9493f3516fc4) Importer(815301076,1909f56bfc062723c751e8b465ee728b)  -> (artifact id: '335fa2dd5b28ef40d6d29c7f118c8d81') in 0.116031 seconds
  Import took 0.119697 seconds .

========================================================================
Received Import Request.
  Time since last request: 1.105863 seconds.
  path: Assets/amusedART/StoneMonster/Animations/StoneMonster_Attack.FBX
  artifactKey: Guid(3cab52bd39b9a5f4fb028f9ae0ecbc91) Importer(815301076,1909f56bfc062723c751e8b465ee728b)
Start importing Assets/amusedART/StoneMonster/Animations/StoneMonster_Attack.FBX using Guid(3cab52bd39b9a5f4fb028f9ae0ecbc91) Importer(815301076,1909f56bfc062723c751e8b465ee728b)  -> (artifact id: 'c054fa8501bde084e10c6e8fa91eab33') in 0.066590 seconds
  Import took 0.071150 seconds .

========================================================================
Received Import Request.
  Time since last request: 27.662619 seconds.
  path: Assets/Course Library/Fonts/Indie_Flower/IndieFlower SDF.asset
  artifactKey: Guid(8abe1e37fe7bf433896970245b936749) Importer(815301076,1909f56bfc062723c751e8b465ee728b)
Start importing Assets/Course Library/Fonts/Indie_Flower/IndieFlower SDF.asset using Guid(8abe1e37fe7bf433896970245b936749) Importer(815301076,1909f56bfc062723c751e8b465ee728b)  -> (artifact id: '99ffb8db94b793786d2a02d45fe427f6') in 0.110157 seconds
  Import took 0.115730 seconds .

========================================================================
Received Import Request.
  Time since last request: 0.084267 seconds.
  path: Assets/Course Library/Fonts/Indie_Flower/IndieFlower SDF.asset
  artifactKey: Guid(8abe1e37fe7bf433896970245b936749) Importer(815301076,1909f56bfc062723c751e8b465ee728b)
Start importing Assets/Course Library/Fonts/Indie_Flower/IndieFlower SDF.asset using Guid(8abe1e37fe7bf433896970245b936749) Importer(815301076,1909f56bfc062723c751e8b465ee728b)  -> (artifact id: '99ffb8db94b793786d2a02d45fe427f6') in 0.050325 seconds
  Import took 0.057855 seconds .

========================================================================
Received Import Request.
  Time since last request: 316.086215 seconds.
  path: Assets/Scripts/MainManager.cs
  artifactKey: Guid(d338aaf1aec012444a1658bbfd8657c2) Importer(815301076,1909f56bfc062723c751e8b465ee728b)
Start importing Assets/Scripts/MainManager.cs using Guid(d338aaf1aec012444a1658bbfd8657c2) Importer(815301076,1909f56bfc062723c751e8b465ee728b)  -> (artifact id: '9f5e66142c1491091257282a60957346') in 0.060832 seconds
  Import took 0.073221 seconds .

========================================================================
Received Import Request.
  Time since last request: 0.011456 seconds.
  path: Assets/Scripts/MainManager.cs
  artifactKey: Guid(d338aaf1aec012444a1658bbfd8657c2) Importer(815301076,1909f56bfc062723c751e8b465ee728b)
Start importing Assets/Scripts/MainManager.cs using Guid(d338aaf1aec012444a1658bbfd8657c2) Importer(815301076,1909f56bfc062723c751e8b465ee728b)  -> (artifact id: '9f5e66142c1491091257282a60957346') in 0.025729 seconds
  Import took 0.036113 seconds .

========================================================================
Received Prepare
Registering precompiled user dll's ...
Registered in 0.001405 seconds.
Begin MonoManager ReloadAssembly
Native extension for WindowsStandalone target not found
Native extension for WebGL target not found
Refreshing native plugins compatible for Editor in 0.41 ms, found 0 plugins.
Preloading 0 native plugins for Editor in 0.00 ms.
Mono: successfully reloaded assembly
- Completed reload, in  1.591 seconds
Platform modules already initialized, skipping
Refreshing native plugins compatible for Editor in 0.46 ms, found 0 plugins.
Preloading 0 native plugins for Editor in 0.00 ms.
Unloading 1210 Unused Serialized files (Serialized files now loaded: 0)
System memory in use before: 99.5 MB.
System memory in use after: 99.6 MB.

Unloading 6 unused Assets to reduce memory usage. Loaded Objects now: 1766.
Total: 7.124000 ms (FindLiveObjects: 0.324600 ms CreateObjectMapping: 0.318500 ms MarkObjects: 6.278800 ms  DeleteObjects: 0.198200 ms)

========================================================================
Received Import Request.
  Time since last request: 4694.240078 seconds.
  path: Assets/Scripts/MainManager.cs
  artifactKey: Guid(d338aaf1aec012444a1658bbfd8657c2) Importer(815301076,1909f56bfc062723c751e8b465ee728b)
Start importing Assets/Scripts/MainManager.cs using Guid(d338aaf1aec012444a1658bbfd8657c2) Importer(815301076,1909f56bfc062723c751e8b465ee728b)  -> (artifact id: '813c0e2ce9c5c09293620153a33edd14') in 0.069038 seconds
  Import took 0.096993 seconds .

========================================================================
Received Import Request.
  Time since last request: 7.810375 seconds.
  path: Assets/Scripts/DetectCollision.cs
  artifactKey: Guid(f156fdf6cb511dc43b4105f5f755bcfa) Importer(815301076,1909f56bfc062723c751e8b465ee728b)
Start importing Assets/Scripts/DetectCollision.cs using Guid(f156fdf6cb511dc43b4105f5f755bcfa) Importer(815301076,1909f56bfc062723c751e8b465ee728b)  -> (artifact id: '3568f400200ca0a99e42dafed17cf0c4') in 0.042031 seconds
  Import took 0.053880 seconds .

========================================================================
Received Prepare
Registering precompiled user dll's ...
Registered in 0.002414 seconds.
Begin MonoManager ReloadAssembly
Native extension for WindowsStandalone target not found
Native extension for WebGL target not found
Refreshing native plugins compatible for Editor in 0.72 ms, found 0 plugins.
Preloading 0 native plugins for Editor in 0.00 ms.
Mono: successfully reloaded assembly
- Completed reload, in  3.004 seconds
Platform modules already initialized, skipping
Refreshing native plugins compatible for Editor in 0.73 ms, found 0 plugins.
Preloading 0 native plugins for Editor in 0.00 ms.
Unloading 1210 Unused Serialized files (Serialized files now loaded: 0)
System memory in use before: 99.6 MB.
System memory in use after: 99.6 MB.

Unloading 5 unused Assets to reduce memory usage. Loaded Objects now: 1769.
Total: 4.908700 ms (FindLiveObjects: 0.356200 ms CreateObjectMapping: 0.160400 ms MarkObjects: 3.623700 ms  DeleteObjects: 0.764700 ms)

========================================================================
Received Import Request.
  Time since last request: 708.778571 seconds.
  path: Assets/Scripts/DetectCollision.cs
  artifactKey: Guid(f156fdf6cb511dc43b4105f5f755bcfa) Importer(815301076,1909f56bfc062723c751e8b465ee728b)
Start importing Assets/Scripts/DetectCollision.cs using Guid(f156fdf6cb511dc43b4105f5f755bcfa) Importer(815301076,1909f56bfc062723c751e8b465ee728b)  -> (artifact id: '83702fe4dd2539161ad2a074ed853c91') in 0.036857 seconds
  Import took 0.050715 seconds .

========================================================================
Received Import Request.
  Time since last request: 0.047471 seconds.
  path: Assets/Scripts/DetectCollision.cs
  artifactKey: Guid(f156fdf6cb511dc43b4105f5f755bcfa) Importer(815301076,1909f56bfc062723c751e8b465ee728b)
Start importing Assets/Scripts/DetectCollision.cs using Guid(f156fdf6cb511dc43b4105f5f755bcfa) Importer(815301076,1909f56bfc062723c751e8b465ee728b)  -> (artifact id: '83702fe4dd2539161ad2a074ed853c91') in 0.029477 seconds
  Import took 0.040059 seconds .

========================================================================
Received Prepare
Registering precompiled user dll's ...
Registered in 0.001400 seconds.
Begin MonoManager ReloadAssembly
Native extension for WindowsStandalone target not found
Native extension for WebGL target not found
Refreshing native plugins compatible for Editor in 0.42 ms, found 0 plugins.
Preloading 0 native plugins for Editor in 0.00 ms.
Mono: successfully reloaded assembly
- Completed reload, in  2.079 seconds
Platform modules already initialized, skipping
Refreshing native plugins compatible for Editor in 0.44 ms, found 0 plugins.
Preloading 0 native plugins for Editor in 0.00 ms.
Unloading 1210 Unused Serialized files (Serialized files now loaded: 0)
System memory in use before: 99.6 MB.
System memory in use after: 99.7 MB.

Unloading 5 unused Assets to reduce memory usage. Loaded Objects now: 1772.
Total: 3.614800 ms (FindLiveObjects: 0.339900 ms CreateObjectMapping: 0.107200 ms MarkObjects: 3.003000 ms  DeleteObjects: 0.162200 ms)

========================================================================
Received Prepare
Registering precompiled user dll's ...
Registered in 0.002797 seconds.
Begin MonoManager ReloadAssembly
Native extension for WindowsStandalone target not found
Native extension for WebGL target not found
Refreshing native plugins compatible for Editor in 0.44 ms, found 0 plugins.
Preloading 0 native plugins for Editor in 0.00 ms.
Mono: successfully reloaded assembly
- Completed reload, in  2.152 seconds
Platform modules already initialized, skipping
Refreshing native plugins compatible for Editor in 0.71 ms, found 0 plugins.
Preloading 0 native plugins for Editor in 0.00 ms.
Unloading 1223 Unused Serialized files (Serialized files now loaded: 0)
System memory in use before: 101.6 MB.
System memory in use after: 101.0 MB.

Unloading 18 unused Assets to reduce memory usage. Loaded Objects now: 1775.
Total: 5.082100 ms (FindLiveObjects: 0.273800 ms CreateObjectMapping: 0.072800 ms MarkObjects: 4.066300 ms  DeleteObjects: 0.666800 ms)

========================================================================
Received Prepare
Registering precompiled user dll's ...
Registered in 0.001424 seconds.
Begin MonoManager ReloadAssembly
Native extension for WindowsStandalone target not found
Native extension for WebGL target not found
Refreshing native plugins compatible for Editor in 0.64 ms, found 0 plugins.
Preloading 0 native plugins for Editor in 0.00 ms.
Mono: successfully reloaded assembly
- Completed reload, in  2.570 seconds
Platform modules already initialized, skipping
Refreshing native plugins compatible for Editor in 0.67 ms, found 0 plugins.
Preloading 0 native plugins for Editor in 0.00 ms.
Unloading 1223 Unused Serialized files (Serialized files now loaded: 0)
System memory in use before: 101.6 MB.
System memory in use after: 101.0 MB.

Unloading 18 unused Assets to reduce memory usage. Loaded Objects now: 1778.
Total: 5.842100 ms (FindLiveObjects: 0.296900 ms CreateObjectMapping: 0.097300 ms MarkObjects: 4.763200 ms  DeleteObjects: 0.681100 ms)

========================================================================
Received Prepare
Registering precompiled user dll's ...
Registered in 0.001394 seconds.
Begin MonoManager ReloadAssembly
Native extension for WindowsStandalone target not found
Native extension for WebGL target not found
Refreshing native plugins compatible for Editor in 0.58 ms, found 0 plugins.
Preloading 0 native plugins for Editor in 0.00 ms.
Mono: successfully reloaded assembly
- Completed reload, in  2.048 seconds
Platform modules already initialized, skipping
Refreshing native plugins compatible for Editor in 0.47 ms, found 0 plugins.
Preloading 0 native plugins for Editor in 0.00 ms.
Unloading 1223 Unused Serialized files (Serialized files now loaded: 0)
System memory in use before: 101.6 MB.
System memory in use after: 101.0 MB.

Unloading 18 unused Assets to reduce memory usage. Loaded Objects now: 1781.
Total: 4.821200 ms (FindLiveObjects: 0.310400 ms CreateObjectMapping: 0.081800 ms MarkObjects: 3.711700 ms  DeleteObjects: 0.712500 ms)

========================================================================
Received Prepare
Registering precompiled user dll's ...
Registered in 0.003987 seconds.
Begin MonoManager ReloadAssembly
Native extension for WindowsStandalone target not found
Native extension for WebGL target not found
Refreshing native plugins compatible for Editor in 0.72 ms, found 0 plugins.
Preloading 0 native plugins for Editor in 0.00 ms.
Mono: successfully reloaded assembly
- Completed reload, in  2.417 seconds
Platform modules already initialized, skipping
Refreshing native plugins compatible for Editor in 1.22 ms, found 0 plugins.
Preloading 0 native plugins for Editor in 0.00 ms.
Unloading 1223 Unused Serialized files (Serialized files now loaded: 0)
System memory in use before: 101.6 MB.
System memory in use after: 101.0 MB.

Unloading 18 unused Assets to reduce memory usage. Loaded Objects now: 1784.
Total: 4.821800 ms (FindLiveObjects: 1.298300 ms CreateObjectMapping: 0.244800 ms MarkObjects: 2.793500 ms  DeleteObjects: 0.483100 ms)

========================================================================
Received Prepare
Registering precompiled user dll's ...
Registered in 0.002035 seconds.
Begin MonoManager ReloadAssembly
Native extension for WindowsStandalone target not found
Native extension for WebGL target not found
Refreshing native plugins compatible for Editor in 0.45 ms, found 0 plugins.
Preloading 0 native plugins for Editor in 0.00 ms.
Mono: successfully reloaded assembly
- Completed reload, in  2.233 seconds
Platform modules already initialized, skipping
Refreshing native plugins compatible for Editor in 0.75 ms, found 0 plugins.
Preloading 0 native plugins for Editor in 0.00 ms.
Unloading 1223 Unused Serialized files (Serialized files now loaded: 0)
System memory in use before: 101.6 MB.
System memory in use after: 101.0 MB.

Unloading 18 unused Assets to reduce memory usage. Loaded Objects now: 1787.
Total: 4.099800 ms (FindLiveObjects: 0.361100 ms CreateObjectMapping: 0.122800 ms MarkObjects: 2.790200 ms  DeleteObjects: 0.822700 ms)

========================================================================
Received Prepare
Registering precompiled user dll's ...
Registered in 0.002222 seconds.
Begin MonoManager ReloadAssembly
Native extension for WindowsStandalone target not found
Native extension for WebGL target not found
Refreshing native plugins compatible for Editor in 0.73 ms, found 0 plugins.
Preloading 0 native plugins for Editor in 0.00 ms.
Mono: successfully reloaded assembly
- Completed reload, in  2.451 seconds
Platform modules already initialized, skipping
Refreshing native plugins compatible for Editor in 0.68 ms, found 0 plugins.
Preloading 0 native plugins for Editor in 0.00 ms.
Unloading 1223 Unused Serialized files (Serialized files now loaded: 0)
System memory in use before: 101.6 MB.
System memory in use after: 101.0 MB.

Unloading 18 unused Assets to reduce memory usage. Loaded Objects now: 1790.
Total: 5.252300 ms (FindLiveObjects: 0.311000 ms CreateObjectMapping: 1.034800 ms MarkObjects: 3.158300 ms  DeleteObjects: 0.746200 ms)

========================================================================
Received Prepare
Registering precompiled user dll's ...
Registered in 0.006979 seconds.
Begin MonoManager ReloadAssembly
Native extension for WindowsStandalone target not found
Native extension for WebGL target not found
Refreshing native plugins compatible for Editor in 0.96 ms, found 0 plugins.
Preloading 0 native plugins for Editor in 0.00 ms.
Mono: successfully reloaded assembly
- Completed reload, in  2.014 seconds
Platform modules already initialized, skipping
Refreshing native plugins compatible for Editor in 0.83 ms, found 0 plugins.
Preloading 0 native plugins for Editor in 0.00 ms.
Unloading 1223 Unused Serialized files (Serialized files now loaded: 0)
System memory in use before: 101.6 MB.
System memory in use after: 101.0 MB.

Unloading 18 unused Assets to reduce memory usage. Loaded Objects now: 1793.
Total: 5.398400 ms (FindLiveObjects: 0.315200 ms CreateObjectMapping: 0.109900 ms MarkObjects: 4.372800 ms  DeleteObjects: 0.598000 ms)

========================================================================
Received Prepare
Registering precompiled user dll's ...
Registered in 0.001995 seconds.
Begin MonoManager ReloadAssembly
Native extension for WindowsStandalone target not found
Native extension for WebGL target not found
Refreshing native plugins compatible for Editor in 0.68 ms, found 0 plugins.
Preloading 0 native plugins for Editor in 0.00 ms.
Mono: successfully reloaded assembly
- Completed reload, in  2.277 seconds
Platform modules already initialized, skipping
Refreshing native plugins compatible for Editor in 0.43 ms, found 0 plugins.
Preloading 0 native plugins for Editor in 0.00 ms.
Unloading 1223 Unused Serialized files (Serialized files now loaded: 0)
System memory in use before: 101.7 MB.
System memory in use after: 101.1 MB.

Unloading 18 unused Assets to reduce memory usage. Loaded Objects now: 1796.
Total: 4.589900 ms (FindLiveObjects: 0.301700 ms CreateObjectMapping: 0.100000 ms MarkObjects: 3.690100 ms  DeleteObjects: 0.495100 ms)

========================================================================
Received Prepare
Registering precompiled user dll's ...
Registered in 0.001819 seconds.
Begin MonoManager ReloadAssembly
Native extension for WindowsStandalone target not found
Native extension for WebGL target not found
Refreshing native plugins compatible for Editor in 0.44 ms, found 0 plugins.
Preloading 0 native plugins for Editor in 0.00 ms.
Mono: successfully reloaded assembly
- Completed reload, in  1.937 seconds
Platform modules already initialized, skipping
Refreshing native plugins compatible for Editor in 0.44 ms, found 0 plugins.
Preloading 0 native plugins for Editor in 0.00 ms.
Unloading 1223 Unused Serialized files (Serialized files now loaded: 0)
System memory in use before: 101.7 MB.
System memory in use after: 101.1 MB.

Unloading 18 unused Assets to reduce memory usage. Loaded Objects now: 1799.
Total: 6.898400 ms (FindLiveObjects: 1.415900 ms CreateObjectMapping: 0.104400 ms MarkObjects: 3.117200 ms  DeleteObjects: 2.258600 ms)

========================================================================
Received Prepare
Registering precompiled user dll's ...
Registered in 0.001461 seconds.
Begin MonoManager ReloadAssembly
Native extension for WindowsStandalone target not found
Native extension for WebGL target not found
Refreshing native plugins compatible for Editor in 0.87 ms, found 0 plugins.
Preloading 0 native plugins for Editor in 0.00 ms.
Mono: successfully reloaded assembly
- Completed reload, in  2.311 seconds
Platform modules already initialized, skipping
Refreshing native plugins compatible for Editor in 0.70 ms, found 0 plugins.
Preloading 0 native plugins for Editor in 0.00 ms.
Unloading 1223 Unused Serialized files (Serialized files now loaded: 0)
System memory in use before: 101.7 MB.
System memory in use after: 101.1 MB.

Unloading 18 unused Assets to reduce memory usage. Loaded Objects now: 1802.
Total: 4.007300 ms (FindLiveObjects: 0.323500 ms CreateObjectMapping: 0.122300 ms MarkObjects: 2.884600 ms  DeleteObjects: 0.673700 ms)

========================================================================
Received Prepare
Registering precompiled user dll's ...
Registered in 0.002373 seconds.
Begin MonoManager ReloadAssembly
Native extension for WindowsStandalone target not found
Native extension for WebGL target not found
Refreshing native plugins compatible for Editor in 0.76 ms, found 0 plugins.
Preloading 0 native plugins for Editor in 0.00 ms.
Mono: successfully reloaded assembly
- Completed reload, in  2.613 seconds
Platform modules already initialized, skipping
Refreshing native plugins compatible for Editor in 0.43 ms, found 0 plugins.
Preloading 0 native plugins for Editor in 0.00 ms.
Unloading 1223 Unused Serialized files (Serialized files now loaded: 0)
System memory in use before: 101.7 MB.
System memory in use after: 101.1 MB.

Unloading 18 unused Assets to reduce memory usage. Loaded Objects now: 1805.
Total: 5.920900 ms (FindLiveObjects: 0.299500 ms CreateObjectMapping: 0.105600 ms MarkObjects: 4.855300 ms  DeleteObjects: 0.657600 ms)

AssetImportWorkerClient::OnTransportError - code=2 error=End of file
